{"level":"info","message":{"bookingId":null,"details":{"propertyId":"60d5ec49f1a2c8b1f8e4b8c1","renterEmail":"john.doe@example.com"},"operation":"booking_creation_attempt","timestamp":"2025-08-26T05:31:14.886Z"},"timestamp":"2025-08-26T05:31:14.887Z"}
{"level":"error","message":{"bookingId":null,"details":{"propertyId":"60d5ec49f1a2c8b1f8e4b8c1"},"error":"Property not found","operation":"booking_property_not_found","stack":"Error: Property not found\n    at /Users/amansingh/project/backend/routes/booking.js:105:23\n    at process.processTicksAndRejections (node:internal/process/task_queues:105:5)","timestamp":"2025-08-26T05:31:14.991Z"},"timestamp":"2025-08-26T05:31:14.991Z"}
{"level":"info","message":{"bookingId":null,"details":{"propertyId":"68acd2f83708b4ae2abdce20","renterEmail":"john.doe@example.com"},"operation":"booking_creation_attempt","timestamp":"2025-08-26T05:34:29.076Z"},"timestamp":"2025-08-26T05:34:29.076Z"}
{"level":"info","message":{"bookingId":"68ad4765422a140d634515af","details":{"ownerId":"68848c530a22a2ce00cccdc7","propertyId":"68acd2f83708b4ae2abdce20","status":"pending"},"operation":"booking_created","timestamp":"2025-08-26T05:34:29.290Z"},"timestamp":"2025-08-26T05:34:29.290Z"}
{"level":"info","message":{"bookingId":null,"details":{"propertyId":"68acd2f83708b4ae2abdce20","renterEmail":"john.doe@example.com"},"operation":"booking_creation_attempt","timestamp":"2025-08-26T07:43:25.647Z"},"timestamp":"2025-08-26T07:43:25.649Z"}
{"level":"info","message":{"bookingId":"68ad659d422a140d634515c4","details":{"ownerId":"68848c530a22a2ce00cccdc7","propertyId":"68acd2f83708b4ae2abdce20","status":"pending"},"operation":"booking_created","timestamp":"2025-08-26T07:43:26.021Z"},"timestamp":"2025-08-26T07:43:26.021Z"}
{"level":"info","message":{"bookingId":null,"details":{"propertyId":"68adca33a3b05d3d861d6199","renterEmail":"aman@gmail.com"},"operation":"booking_creation_attempt","timestamp":"2025-08-26T14:54:03.345Z"},"timestamp":"2025-08-26T14:54:03.346Z"}
{"level":"info","message":{"bookingId":"68adca8ba3b05d3d861d61ab","details":{"ownerId":"68848c530a22a2ce00cccdc7","propertyId":"68adca33a3b05d3d861d6199","status":"pending"},"operation":"booking_created","timestamp":"2025-08-26T14:54:03.624Z"},"timestamp":"2025-08-26T14:54:03.624Z"}
{"level":"info","message":{"bookingId":null,"details":{"propertyId":"68adca33a3b05d3d861d6199","renterEmail":"aman@gmail.com"},"operation":"booking_creation_attempt","timestamp":"2025-08-26T15:42:36.609Z"},"timestamp":"2025-08-26T15:42:36.611Z"}
{"level":"info","message":{"bookingId":"68add5ece3b93aaac13a75c8","details":{"ownerId":"68848c530a22a2ce00cccdc7","propertyId":"68adca33a3b05d3d861d6199","status":"pending"},"operation":"booking_created","timestamp":"2025-08-26T15:42:36.854Z"},"timestamp":"2025-08-26T15:42:36.854Z"}
{"level":"info","message":{"bookingId":null,"details":{"propertyId":"68acd2f83708b4ae2abdce20","renterEmail":"palak@gmail.com"},"operation":"booking_creation_attempt","timestamp":"2025-08-26T17:53:02.740Z"},"timestamp":"2025-08-26T17:53:02.740Z"}
{"level":"info","message":{"bookingId":"68adf47faf34fc3ff38cc8bf","details":{"ownerId":"68848c530a22a2ce00cccdc7","propertyId":"68acd2f83708b4ae2abdce20","status":"pending"},"operation":"booking_created","timestamp":"2025-08-26T17:53:04.657Z"},"timestamp":"2025-08-26T17:53:04.658Z"}
{"level":"info","message":{"bookingId":null,"details":{"propertyId":"68a8bf846d4c64865eefbe99","renterEmail":"mnan@gmail.com"},"operation":"booking_creation_attempt","timestamp":"2025-08-27T06:47:11.608Z"},"timestamp":"2025-08-27T06:47:11.609Z"}
{"level":"info","message":{"bookingId":"68aea9efaf34fc3ff38cc920","details":{"ownerId":"65d4a1b2c8e9f0a1b2c3d4e5","propertyId":"68a8bf846d4c64865eefbe99","status":"pending"},"operation":"booking_created","timestamp":"2025-08-27T06:47:11.846Z"},"timestamp":"2025-08-27T06:47:11.846Z"}
{"level":"info","message":{"bookingId":null,"details":{"propertyId":"68aeae8caf34fc3ff38cc92e","renterEmail":"aman@gmail.com"},"operation":"booking_creation_attempt","timestamp":"2025-08-27T07:10:21.686Z"},"timestamp":"2025-08-27T07:10:21.687Z"}
{"level":"info","message":{"bookingId":"68aeaf5daf34fc3ff38cc950","details":{"ownerId":"68848c530a22a2ce00cccdc7","propertyId":"68aeae8caf34fc3ff38cc92e","status":"pending"},"operation":"booking_created","timestamp":"2025-08-27T07:10:22.049Z"},"timestamp":"2025-08-27T07:10:22.049Z"}
{"level":"info","message":{"bookingId":null,"details":{"propertyId":"68aeae8caf34fc3ff38cc92e","renterEmail":"sjdhj@gmail.com"},"operation":"booking_creation_attempt","timestamp":"2025-08-28T06:02:26.616Z"},"timestamp":"2025-08-28T06:02:26.616Z"}
{"level":"info","message":{"bookingId":"68aff0f23fd6d181b072e05e","details":{"ownerId":"68848c530a22a2ce00cccdc7","propertyId":"68aeae8caf34fc3ff38cc92e","status":"pending"},"operation":"booking_created","timestamp":"2025-08-28T06:02:26.735Z"},"timestamp":"2025-08-28T06:02:26.735Z"}
{"level":"info","message":{"bookingId":null,"details":{"propertyId":"68ac198bacdd9bdc1635a3d4","renterEmail":"vinnet@gmail.com"},"operation":"booking_creation_attempt","timestamp":"2025-08-28T07:18:23.387Z"},"timestamp":"2025-08-28T07:18:23.387Z"}
{"level":"info","message":{"bookingId":"68b002bf3fd6d181b072e0c1","details":{"ownerId":"68848c530a22a2ce00cccdc7","propertyId":"68ac198bacdd9bdc1635a3d4","status":"pending"},"operation":"booking_created","timestamp":"2025-08-28T07:18:23.487Z"},"timestamp":"2025-08-28T07:18:23.487Z"}
{"level":"info","message":{"bookingId":null,"details":{"propertyId":"68c8ee9106314e5713baeda6","renterEmail":"amankr123@gmail.com"},"operation":"booking_creation_attempt","timestamp":"2025-09-30T08:17:54.882Z"},"timestamp":"2025-09-30T08:17:54.882Z"}
{"level":"info","message":{"bookingId":"68db9232e80faa92535d0559","details":{"ownerId":"68c8ed9806314e5713baed7f","propertyId":"68c8ee9106314e5713baeda6","status":"pending"},"operation":"booking_created","timestamp":"2025-09-30T08:17:54.984Z"},"timestamp":"2025-09-30T08:17:54.984Z"}
{"level":"info","message":{"bookingId":null,"details":{"propertyId":"68aeae8caf34fc3ff38cc92e","renterEmail":"amankr@gmail.com"},"operation":"booking_creation_attempt","timestamp":"2025-11-01T12:41:51.291Z"},"timestamp":"2025-11-01T12:41:51.292Z"}
{"level":"info","message":{"bookingId":"6906000feeeff6ddcc5e70e4","details":{"ownerId":"68848c530a22a2ce00cccdc7","propertyId":"68aeae8caf34fc3ff38cc92e","status":"pending"},"operation":"booking_created","timestamp":"2025-11-01T12:41:51.558Z"},"timestamp":"2025-11-01T12:41:51.559Z"}
{"level":"info","message":{"bookingId":null,"details":{"propertyId":"68fb77d59f44dd9beb8345d6","renterEmail":"rajnish@gmail.com"},"operation":"booking_creation_attempt","timestamp":"2025-11-27T18:15:41.829Z"},"timestamp":"2025-11-27T18:15:41.829Z"}
{"level":"info","message":{"bookingId":"6928954d331d2db42c731b9f","details":{"ownerId":"68848c530a22a2ce00cccdc7","propertyId":"68fb77d59f44dd9beb8345d6","status":"pending"},"operation":"booking_created","timestamp":"2025-11-27T18:15:42.132Z"},"timestamp":"2025-11-27T18:15:42.132Z"}
{"level":"info","message":{"bookingId":null,"details":{"propertyId":"696e6ed041058b652974ec88","renterEmail":"amankr123@gmail.com"},"operation":"booking_creation_attempt","timestamp":"2026-01-19T17:56:12.998Z"},"timestamp":"2026-01-19T17:56:12.998Z"}
{"level":"info","message":{"bookingId":"696e703d41058b652974ec98","details":{"ownerId":"68848c530a22a2ce00cccdc7","propertyId":"696e6ed041058b652974ec88","status":"pending"},"operation":"booking_created","timestamp":"2026-01-19T17:56:13.070Z"},"timestamp":"2026-01-19T17:56:13.070Z"}
